<?xml version="1.0" encoding="UTF-8"?>
<!-- Generated by org.testng.reporters.JUnitReportReporter -->
<testsuite hostname="DESKTOP-35Q17RE" failures="0" tests="1" name="automation.selenium.LandingPageTest" time="26.553" errors="0" timestamp="2021-12-28T22:19:47 IST" skipped="0">
  <testcase classname="automation.selenium.LandingPageTest" name="calendar" time="26.553"/>
  <system-out/>
</testsuite> <!-- automation.selenium.LandingPageTest -->
